Android/MansbridgeSummit/app/build/outputs/logs/manifest-merger-debug-report.txt
-- Merging decision tree log ---
manifest
ADDED from AndroidManifest.xml:2:1
	package
		ADDED from AndroidManifest.xml:3:5
		INJECTED from AndroidManifest.xml:0:0
		INJECTED from AndroidManifest.xml:0:0
	android:versionName
		INJECTED from AndroidManifest.xml:0:0
		INJECTED from AndroidManifest.xml:0:0
	xmlns:android
		ADDED from AndroidManifest.xml:2:11
	android:versionCode
		INJECTED from AndroidManifest.xml:0:0
		INJECTED from AndroidManifest.xml:0:0
application
ADDED from AndroidManifest.xml:5:5
MERGED from com.android.support:appcompat-v7:22.2.0:22:5
MERGED from com.android.support:support-v4:22.2.0:22:5
MERGED from com.twitter.sdk.android:twitter:1.6.1:25:5
MERGED from com.twitter.sdk.android:tweet-ui:1.3.1:27:5
MERGED from io.fabric.sdk.android:fabric:1.3.4:25:5
MERGED from com.twitter.sdk.android:twitter-core:1.4.1:27:5
MERGED from io.fabric.sdk.android:fabric:1.3.4:25:5
MERGED from com.android.support:support-v4:22.2.0:22:5
MERGED from io.fabric.sdk.android:fabric:1.3.4:25:5
MERGED from com.twitter.sdk.android:twitter-core:1.4.1:27:5
MERGED from io.fabric.sdk.android:fabric:1.3.4:25:5
MERGED from com.digits.sdk.android:digits:1.6.2:27:5
MERGED from io.fabric.sdk.android:fabric:1.3.4:25:5
MERGED from com.twitter.sdk.android:twitter-core:1.4.1:27:5
MERGED from io.fabric.sdk.android:fabric:1.3.4:25:5
MERGED from com.twitter.sdk.android:tweet-composer:0.8.0:27:5
MERGED from io.fabric.sdk.android:fabric:1.3.4:25:5
	android:label
		ADDED from AndroidManifest.xml:8:9
	android:allowBackup
		ADDED from AndroidManifest.xml:6:9
	android:icon
		ADDED from AndroidManifest.xml:7:9
	android:theme
		ADDED from AndroidManifest.xml:9:9
activity#com.app.micahstairs.mansbridgesummit.MainActivity
ADDED from AndroidManifest.xml:10:9
	android:label
		ADDED from AndroidManifest.xml:12:13
	android:name
		ADDED from AndroidManifest.xml:11:13
intent-filter#android.intent.action.MAIN+android.intent.category.LAUNCHER
ADDED from AndroidManifest.xml:13:13
action#android.intent.action.MAIN
ADDED from AndroidManifest.xml:14:17
	android:name
		ADDED from AndroidManifest.xml:14:25
category#android.intent.category.LAUNCHER
ADDED from AndroidManifest.xml:16:17
	android:name
		ADDED from AndroidManifest.xml:16:27
meta-data#io.fabric.ApiKey
ADDED from AndroidManifest.xml:19:9
	android:value
		ADDED from AndroidManifest.xml:21:13
	android:name
		ADDED from AndroidManifest.xml:20:13
uses-permission#android.permission.INTERNET
ADDED from AndroidManifest.xml:24:5
MERGED from com.twitter.sdk.android:tweet-ui:1.3.1:25:5
MERGED from com.twitter.sdk.android:twitter-core:1.4.1:25:5
MERGED from com.twitter.sdk.android:twitter-core:1.4.1:25:5
MERGED from com.digits.sdk.android:digits:1.6.2:25:5
MERGED from com.twitter.sdk.android:twitter-core:1.4.1:25:5
MERGED from com.twitter.sdk.android:tweet-composer:0.8.0:25:5
	android:name
		ADDED from AndroidManifest.xml:24:22
uses-sdk
INJECTED from AndroidManifest.xml:0:0 reason: use-sdk injection requested
MERGED from com.android.support:appcompat-v7:22.2.0:20:5
MERGED from com.android.support:support-v4:22.2.0:20:5
MERGED from com.twitter.sdk.android:twitter:1.6.1:23:5
MERGED from com.twitter.sdk.android:tweet-ui:1.3.1:23:5
MERGED from io.fabric.sdk.android:fabric:1.3.4:23:5
MERGED from com.twitter.sdk.android:twitter-core:1.4.1:23:5
MERGED from io.fabric.sdk.android:fabric:1.3.4:23:5
MERGED from com.android.support:support-v4:22.2.0:20:5
MERGED from io.fabric.sdk.android:fabric:1.3.4:23:5
MERGED from com.twitter.sdk.android:twitter-core:1.4.1:23:5
MERGED from io.fabric.sdk.android:fabric:1.3.4:23:5
MERGED from com.digits.sdk.android:digits:1.6.2:23:5
MERGED from io.fabric.sdk.android:fabric:1.3.4:23:5
MERGED from com.twitter.sdk.android:twitter-core:1.4.1:23:5
MERGED from io.fabric.sdk.android:fabric:1.3.4:23:5
MERGED from com.twitter.sdk.android:tweet-composer:0.8.0:23:5
MERGED from io.fabric.sdk.android:fabric:1.3.4:23:5
	android:targetSdkVersion
		INJECTED from AndroidManifest.xml:0:0
		INJECTED from AndroidManifest.xml:0:0
	android:minSdkVersion
		INJECTED from AndroidManifest.xml:0:0
		INJECTED from AndroidManifest.xml:0:0
activity#com.twitter.sdk.android.core.identity.OAuthActivity
ADDED from com.twitter.sdk.android:twitter-core:1.4.1:28:9
MERGED from com.twitter.sdk.android:twitter-core:1.4.1:28:9
MERGED from com.twitter.sdk.android:twitter-core:1.4.1:28:9
	android:excludeFromRecents
		ADDED from com.twitter.sdk.android:twitter-core:1.4.1:31:13
	android:exported
		ADDED from com.twitter.sdk.android:twitter-core:1.4.1:32:13
	android:configChanges
		ADDED from com.twitter.sdk.android:twitter-core:1.4.1:30:13
	android:name
		ADDED from com.twitter.sdk.android:twitter-core:1.4.1:29:13
activity#com.twitter.sdk.android.core.identity.ShareEmailActivity
ADDED from com.twitter.sdk.android:twitter-core:1.4.1:33:9
MERGED from com.twitter.sdk.android:twitter-core:1.4.1:33:9
MERGED from com.twitter.sdk.android:twitter-core:1.4.1:33:9
	android:label
		ADDED from com.twitter.sdk.android:twitter-core:1.4.1:39:13
	android:excludeFromRecents
		ADDED from com.twitter.sdk.android:twitter-core:1.4.1:36:13
	android:exported
		ADDED from com.twitter.sdk.android:twitter-core:1.4.1:37:13
	android:configChanges
		ADDED from com.twitter.sdk.android:twitter-core:1.4.1:35:13
	android:icon
		ADDED from com.twitter.sdk.android:twitter-core:1.4.1:38:13
	android:name
		ADDED from com.twitter.sdk.android:twitter-core:1.4.1:34:13
activity#com.digits.sdk.android.PhoneNumberActivity
ADDED from com.digits.sdk.android:digits:1.6.2:28:9
	android:exported
		ADDED from com.digits.sdk.android:digits:1.6.2:31:13
	android:windowSoftInputMode
		ADDED from com.digits.sdk.android:digits:1.6.2:33:13
	android:configChanges
		ADDED from com.digits.sdk.android:digits:1.6.2:30:13
	android:taskAffinity
		ADDED from com.digits.sdk.android:digits:1.6.2:32:13
	android:name
		ADDED from com.digits.sdk.android:digits:1.6.2:29:13
activity#com.digits.sdk.android.ConfirmationCodeActivity
ADDED from com.digits.sdk.android:digits:1.6.2:34:9
	android:exported
		ADDED from com.digits.sdk.android:digits:1.6.2:37:13
	android:windowSoftInputMode
		ADDED from com.digits.sdk.android:digits:1.6.2:39:13
	android:configChanges
		ADDED from com.digits.sdk.android:digits:1.6.2:36:13
	android:taskAffinity
		ADDED from com.digits.sdk.android:digits:1.6.2:38:13
	android:name
		ADDED from com.digits.sdk.android:digits:1.6.2:35:13
activity#com.digits.sdk.android.LoginCodeActivity
ADDED from com.digits.sdk.android:digits:1.6.2:40:9
	android:exported
		ADDED from com.digits.sdk.android:digits:1.6.2:43:13
	android:windowSoftInputMode
		ADDED from com.digits.sdk.android:digits:1.6.2:45:13
	android:configChanges
		ADDED from com.digits.sdk.android:digits:1.6.2:42:13
	android:taskAffinity
		ADDED from com.digits.sdk.android:digits:1.6.2:44:13
	android:name
		ADDED from com.digits.sdk.android:digits:1.6.2:41:13
activity#com.digits.sdk.android.PinCodeActivity
ADDED from com.digits.sdk.android:digits:1.6.2:46:9
	android:exported
		ADDED from com.digits.sdk.android:digits:1.6.2:49:13
	android:windowSoftInputMode
		ADDED from com.digits.sdk.android:digits:1.6.2:51:13
	android:configChanges
		ADDED from com.digits.sdk.android:digits:1.6.2:48:13
	android:taskAffinity
		ADDED from com.digits.sdk.android:digits:1.6.2:50:13
	android:name
		ADDED from com.digits.sdk.android:digits:1.6.2:47:13
activity#com.digits.sdk.android.FailureActivity
ADDED from com.digits.sdk.android:digits:1.6.2:52:9
	android:exported
		ADDED from com.digits.sdk.android:digits:1.6.2:55:13
	android:configChanges
		ADDED from com.digits.sdk.android:digits:1.6.2:54:13
	android:taskAffinity
		ADDED from com.digits.sdk.android:digits:1.6.2:56:13
	android:name
		ADDED from com.digits.sdk.android:digits:1.6.2:53:13
activity#com.digits.sdk.android.ContactsActivity
ADDED from com.digits.sdk.android:digits:1.6.2:57:9
	android:exported
		ADDED from com.digits.sdk.android:digits:1.6.2:60:13
	android:configChanges
		ADDED from com.digits.sdk.android:digits:1.6.2:59:13
	android:name
		ADDED from com.digits.sdk.android:digits:1.6.2:58:13
activity#com.digits.sdk.android.PhoneNumberActionBarActivity
ADDED from com.digits.sdk.android:digits:1.6.2:61:9
	android:exported
		ADDED from com.digits.sdk.android:digits:1.6.2:64:13
	android:windowSoftInputMode
		ADDED from com.digits.sdk.android:digits:1.6.2:66:13
	android:configChanges
		ADDED from com.digits.sdk.android:digits:1.6.2:63:13
	android:taskAffinity
		ADDED from com.digits.sdk.android:digits:1.6.2:65:13
	android:name
		ADDED from com.digits.sdk.android:digits:1.6.2:62:13
activity#com.digits.sdk.android.ConfirmationCodeActionBarActivity
ADDED from com.digits.sdk.android:digits:1.6.2:67:9
	android:exported
		ADDED from com.digits.sdk.android:digits:1.6.2:70:13
	android:windowSoftInputMode
		ADDED from com.digits.sdk.android:digits:1.6.2:72:13
	android:configChanges
		ADDED from com.digits.sdk.android:digits:1.6.2:69:13
	android:taskAffinity
		ADDED from com.digits.sdk.android:digits:1.6.2:71:13
	android:name
		ADDED from com.digits.sdk.android:digits:1.6.2:68:13
activity#com.digits.sdk.android.LoginCodeActionBarActivity
ADDED from com.digits.sdk.android:digits:1.6.2:73:9
	android:exported
		ADDED from com.digits.sdk.android:digits:1.6.2:76:13
	android:windowSoftInputMode
		ADDED from com.digits.sdk.android:digits:1.6.2:78:13
	android:configChanges
		ADDED from com.digits.sdk.android:digits:1.6.2:75:13
	android:taskAffinity
		ADDED from com.digits.sdk.android:digits:1.6.2:77:13
	android:name
		ADDED from com.digits.sdk.android:digits:1.6.2:74:13
activity#com.digits.sdk.android.FailureActionBarActivity
ADDED from com.digits.sdk.android:digits:1.6.2:79:9
	android:exported
		ADDED from com.digits.sdk.android:digits:1.6.2:82:13
	android:configChanges
		ADDED from com.digits.sdk.android:digits:1.6.2:81:13
	android:taskAffinity
		ADDED from com.digits.sdk.android:digits:1.6.2:83:13
	android:name
		ADDED from com.digits.sdk.android:digits:1.6.2:80:13
activity#com.digits.sdk.android.ContactsActionBarActivity
ADDED from com.digits.sdk.android:digits:1.6.2:84:9
	android:exported
		ADDED from com.digits.sdk.android:digits:1.6.2:87:13
	android:configChanges
		ADDED from com.digits.sdk.android:digits:1.6.2:86:13
	android:name
		ADDED from com.digits.sdk.android:digits:1.6.2:85:13
activity#com.digits.sdk.android.PinCodeActionBarActivity
ADDED from com.digits.sdk.android:digits:1.6.2:88:9
	android:exported
		ADDED from com.digits.sdk.android:digits:1.6.2:91:13
	android:windowSoftInputMode
		ADDED from com.digits.sdk.android:digits:1.6.2:93:13
	android:configChanges
		ADDED from com.digits.sdk.android:digits:1.6.2:90:13
	android:taskAffinity
		ADDED from com.digits.sdk.android:digits:1.6.2:92:13
	android:name
		ADDED from com.digits.sdk.android:digits:1.6.2:89:13
service#com.digits.sdk.android.ContactsUploadService
ADDED from com.digits.sdk.android:digits:1.6.2:95:9
	android:enabled
		ADDED from com.digits.sdk.android:digits:1.6.2:97:13
	android:exported
		ADDED from com.digits.sdk.android:digits:1.6.2:98:13
	android:name
		ADDED from com.digits.sdk.android:digits:1.6.2:96:13